0 info it worked if it ends with ok
1 verbose cli [ 'C:\\Program Files\\nodejs\\node.exe',
1 verbose cli   'C:\\Program Files\\nodejs\\node_modules\\npm\\bin\\npm-cli.js',
1 verbose cli   'start' ]
2 info using npm@3.10.10
3 info using node@v6.11.0
4 verbose run-script [ 'prestart', 'start', 'poststart' ]
5 info lifecycle react-paypal-button@0.0.0~prestart: react-paypal-button@0.0.0
6 silly lifecycle react-paypal-button@0.0.0~prestart: no script for prestart, continuing
7 info lifecycle react-paypal-button@0.0.0~start: react-paypal-button@0.0.0
8 verbose lifecycle react-paypal-button@0.0.0~start: unsafe-perm in lifecycle true
9 verbose lifecycle react-paypal-button@0.0.0~start: PATH: C:\Program Files\nodejs\node_modules\npm\bin\node-gyp-bin;C:\Users\Andy\Desktop\projects\react-paypal-button\node_modules\.bin;C:\ProgramData\Oracle\Java\javapath;C:\Program Files (x86)\NVIDIA Corporation\PhysX\Common;C:\WINDOWS\system32;C:\WINDOWS;C:\WINDOWS\System32\Wbem;C:\WINDOWS\System32\WindowsPowerShell\v1.0\;C:\Program Files\PuTTY\;C:\Program Files\nodejs\;C:\HashiCorp\Vagrant\bin;C:\Users\Andy\AppData\Local\Microsoft\WindowsApps;C:\Users\Andy\AppData\Local\Programs\Git\cmd;C:\Users\Andy\AppData\Local\Programs\Git\mingw64\bin;C:\Users\Andy\AppData\Local\Programs\Git\usr\bin;C:\Users\Andy\AppData\Roaming\npm
10 verbose lifecycle react-paypal-button@0.0.0~start: CWD: C:\Users\Andy\Desktop\projects\react-paypal-button
11 silly lifecycle react-paypal-button@0.0.0~start: Args: [ '/d /s /c',
11 silly lifecycle   'webpack-dev-server --config example/webpack.config.js' ]
12 silly lifecycle react-paypal-button@0.0.0~start: Returned: code: 3221225786  signal: null
13 info lifecycle react-paypal-button@0.0.0~start: Failed to exec start script
14 verbose stack Error: react-paypal-button@0.0.0 start: `webpack-dev-server --config example/webpack.config.js`
14 verbose stack Exit status 3221225786
14 verbose stack     at EventEmitter.<anonymous> (C:\Program Files\nodejs\node_modules\npm\lib\utils\lifecycle.js:255:16)
14 verbose stack     at emitTwo (events.js:106:13)
14 verbose stack     at EventEmitter.emit (events.js:191:7)
14 verbose stack     at ChildProcess.<anonymous> (C:\Program Files\nodejs\node_modules\npm\lib\utils\spawn.js:40:14)
14 verbose stack     at emitTwo (events.js:106:13)
14 verbose stack     at ChildProcess.emit (events.js:191:7)
14 verbose stack     at maybeClose (internal/child_process.js:891:16)
14 verbose stack     at Process.ChildProcess._handle.onexit (internal/child_process.js:226:5)
15 verbose pkgid react-paypal-button@0.0.0
16 verbose cwd C:\Users\Andy\Desktop\projects\react-paypal-button
17 error Windows_NT 10.0.14393
18 error argv "C:\\Program Files\\nodejs\\node.exe" "C:\\Program Files\\nodejs\\node_modules\\npm\\bin\\npm-cli.js" "start"
19 error node v6.11.0
20 error npm  v3.10.10
21 error code ELIFECYCLE
22 error react-paypal-button@0.0.0 start: `webpack-dev-server --config example/webpack.config.js`
22 error Exit status 3221225786
23 error Failed at the react-paypal-button@0.0.0 start script 'webpack-dev-server --config example/webpack.config.js'.
23 error Make sure you have the latest version of node.js and npm installed.
23 error If you do, this is most likely a problem with the react-paypal-button package,
23 error not with npm itself.
23 error Tell the author that this fails on your system:
23 error     webpack-dev-server --config example/webpack.config.js
23 error You can get information on how to open an issue for this project with:
23 error     npm bugs react-paypal-button
23 error Or if that isn't available, you can get their info via:
23 error     npm owner ls react-paypal-button
23 error There is likely additional logging output above.
24 verbose exit [ 1, true ]
